0 info it worked if it ends with ok
1 verbose cli [ '/usr/bin/nodejs',
1 verbose cli   '/usr/bin/npm',
1 verbose cli   'install',
1 verbose cli   'karma',
1 verbose cli   '–save-dev' ]
2 info using npm@3.8.6
3 info using node@v5.11.1
4 silly loadCurrentTree Starting
5 silly install loadCurrentTree
6 silly install readLocalPackageData
7 silly fetchPackageMetaData karma@^0.13.22
8 silly fetchPackageMetaData –save-dev
9 silly fetchNamedPackageData karma
10 silly mapToRegistry name karma
11 silly mapToRegistry using default registry
12 silly mapToRegistry registry https://registry.npmjs.org/
13 silly mapToRegistry data Result {
13 silly mapToRegistry   raw: 'karma',
13 silly mapToRegistry   scope: null,
13 silly mapToRegistry   name: 'karma',
13 silly mapToRegistry   rawSpec: '',
13 silly mapToRegistry   spec: 'latest',
13 silly mapToRegistry   type: 'tag' }
14 silly mapToRegistry uri https://registry.npmjs.org/karma
15 silly fetchOtherPackageData –save-dev
16 silly cache add args [ '–save-dev', null ]
17 verbose cache add spec –save-dev
18 silly cache add parsed spec Result {
18 silly cache add   raw: '–save-dev',
18 silly cache add   scope: null,
18 silly cache add   name: null,
18 silly cache add   rawSpec: '–save-dev',
18 silly cache add   spec: '/home/matheus/Purrsuit/frontend_purrsuit/–save-dev',
18 silly cache add   type: 'local' }
19 error addLocal Could not install /home/matheus/Purrsuit/frontend_purrsuit/–save-dev
20 silly fetchPackageMetaData Error: ENOENT: no such file or directory, open '/home/matheus/Purrsuit/frontend_purrsuit/–save-dev'
20 silly fetchPackageMetaData     at Error (native)
20 silly fetchPackageMetaData  error for –save-dev { [Error: ENOENT: no such file or directory, open '/home/matheus/Purrsuit/frontend_purrsuit/–save-dev']
20 silly fetchPackageMetaData   errno: -2,
20 silly fetchPackageMetaData   code: 'ENOENT',
20 silly fetchPackageMetaData   syscall: 'open',
20 silly fetchPackageMetaData   path: '/home/matheus/Purrsuit/frontend_purrsuit/–save-dev' }
21 verbose request uri https://registry.npmjs.org/karma
22 verbose request no auth needed
23 info attempt registry request try #1 at 14:54:17
24 verbose request id ffd78da8b0235193
25 verbose etag "4GBLG4E7RF7VW0W6BULQND4AL"
26 http request GET https://registry.npmjs.org/karma
27 verbose stack TypeError: The header content contains invalid characters
27 verbose stack     at ClientRequest.OutgoingMessage.setHeader (_http_outgoing.js:348:11)
27 verbose stack     at new ClientRequest (_http_client.js:85:14)
27 verbose stack     at Object.exports.request (http.js:31:10)
27 verbose stack     at Object.exports.request (https.js:196:15)
27 verbose stack     at Request.start (/usr/lib/node_modules/npm/node_modules/request/request.js:747:30)
27 verbose stack     at Request.end (/usr/lib/node_modules/npm/node_modules/request/request.js:1381:10)
27 verbose stack     at end (/usr/lib/node_modules/npm/node_modules/request/request.js:575:14)
27 verbose stack     at Immediate._onImmediate (/usr/lib/node_modules/npm/node_modules/request/request.js:589:7)
27 verbose stack     at tryOnImmediate (timers.js:534:15)
27 verbose stack     at processImmediate [as _immediateCallback] (timers.js:514:5)
28 verbose cwd /home/matheus/Purrsuit/frontend_purrsuit
29 error Linux 4.2.0-36-generic
30 error argv "/usr/bin/nodejs" "/usr/bin/npm" "install" "karma" "–save-dev"
31 error node v5.11.1
32 error npm  v3.8.6
33 error The header content contains invalid characters
34 error If you need help, you may report this error at:
34 error     <https://github.com/npm/npm/issues>
35 verbose exit [ 1, true ]
